2017-08-26 09:42:48 INFO  TC001_VerifyLoginwithInvalidCrediantials:24 - *****************starting verifyLoginwithInvalidCrediantials method******
2017-08-26 09:42:52 INFO  TC001_VerifyLoginwithInvalidCrediantials:28 - *****************ending verifyLoginwithInvalidCrediantials method******
2017-08-26 09:42:52 INFO  TC001_VerifyLoginwithInvalidCrediantials:33 - *******closing browser******
2017-08-26 09:45:54 INFO  TC001_VerifyLoginwithInvalidCrediantials:24 - *****************starting verifyLoginwithInvalidCrediantials method******
2017-08-26 09:45:56 INFO  HomePage:38 - **********clicking [[FirefoxDriver: firefox on ANY (1057b0a2-0243-4e9e-a624-a639346f862f)] -> xpath: .//*[@id='header']/div[2]/div/div/nav/div[1]/a] object*****
2017-08-26 09:45:58 INFO  TC001_VerifyLoginwithInvalidCrediantials:28 - *****************ending verifyLoginwithInvalidCrediantials method******
2017-08-26 09:45:58 INFO  TC001_VerifyLoginwithInvalidCrediantials:33 - *******closing browser******
2017-08-27 16:42:21 INFO  TC001_VerifyLoginwithInvalidCrediantials:24 - *****************starting verifyLoginwithInvalidCrediantials method******
2017-08-27 16:42:24 INFO  HomePage:38 - **********clicking [[FirefoxDriver: firefox on ANY (b2a80644-b00b-4c8c-b0e4-c8dc6902cbe8)] -> xpath: .//*[@id='header']/div[2]/div/div/nav/div[1]/a] object*****
2017-08-27 16:42:26 INFO  TC001_VerifyLoginwithInvalidCrediantials:28 - *****************ending verifyLoginwithInvalidCrediantials method******
2017-08-27 16:42:26 INFO  TC001_VerifyLoginwithInvalidCrediantials:33 - *******closing browser******
2017-08-27 19:43:18 INFO  TC002_VerifyRegistration:24 - **************Starting Testcase 002 execusion********
2017-08-27 19:46:51 INFO  TC002_VerifyRegistration:24 - **************Starting Testcase 002 execusion********
2017-08-27 21:44:05 INFO  TC002_VerifyRegistration:24 - **************Starting Testcase 002 execusion********
2017-08-27 21:44:46 INFO  TC002_VerifyRegistration:24 - **************Starting Testcase 002 execusion********
2017-08-27 21:45:33 INFO  TC002_VerifyRegistration:24 - **************Starting Testcase 002 execusion********
2017-08-27 21:48:49 INFO  TC002_VerifyRegistration:24 - **************Starting Testcase 002 execusion********
2017-08-27 21:49:00 INFO  TC002_VerifyRegistration:27 - **************ending Testcase 002 execusion********
2017-09-02 21:01:52 INFO  TC001_VerifyLoginwithInvalidCrediantials:24 - *****************starting verifyLoginwithInvalidCrediantials method******
2017-09-02 21:01:54 INFO  HomePage:59 - **********clicking [[FirefoxDriver: firefox on ANY (706a1340-7b76-43cc-866a-abb5b7700b08)] -> xpath: .//*[@id='header']/div[2]/div/div/nav/div[1]/a] object*****
2017-09-02 21:01:56 INFO  TC001_VerifyLoginwithInvalidCrediantials:28 - *****************ending verifyLoginwithInvalidCrediantials method******
2017-09-02 21:01:56 INFO  TC001_VerifyLoginwithInvalidCrediantials:33 - *******closing browser******
2017-09-02 21:24:56 INFO  TC002_VerifyRegistration:27 - **************Starting Testcase 003 execusion********
2017-09-02 21:25:00 INFO  HomePage:59 - **********clicking [[FirefoxDriver: firefox on ANY (191c67fe-40ba-4ce4-8a87-53e4b13ed080)] -> xpath: .//*[@id='header']/div[2]/div/div/nav/div[1]/a] object*****
2017-09-02 21:25:04 INFO  TC002_VerifyRegistration:35 - **************ending Testcase 003 execusion********
2017-09-02 21:25:04 INFO  TC002_VerifyRegistration:41 - *****closing browser*****
2017-09-02 21:38:36 INFO  TC002_VerifyRegistration:28 - **************Starting Testcase 003 execusion********
2017-09-02 21:38:38 INFO  HomePage:59 - **********clicking [[FirefoxDriver: firefox on ANY (97678f7c-09c9-42d1-a23e-70942a6b1c5e)] -> xpath: .//*[@id='header']/div[2]/div/div/nav/div[1]/a] object*****
2017-09-02 21:38:44 INFO  TC002_VerifyRegistration:41 - *****closing browser*****
2017-09-02 21:42:36 INFO  TC002_VerifyRegistration:28 - **************Starting Testcase 003 execusion********
2017-09-02 21:42:38 INFO  HomePage:59 - **********clicking [[FirefoxDriver: firefox on ANY (73f97528-9f49-49c0-b58c-6abcc9b1417e)] -> xpath: .//*[@id='header']/div[2]/div/div/nav/div[1]/a] object*****
2017-09-02 21:42:44 INFO  TC002_VerifyRegistration:41 - *****closing browser*****
2017-09-02 21:48:33 INFO  TC002_VerifyRegistration:28 - **************Starting Testcase 003 execusion********
2017-09-02 21:48:35 INFO  HomePage:59 - **********clicking [[FirefoxDriver: firefox on ANY (46693e0a-7d69-4aff-bb22-d7faee545fa1)] -> xpath: .//*[@id='header']/div[2]/div/div/nav/div[1]/a] object*****
2017-09-02 21:48:47 INFO  TC002_VerifyRegistration:41 - *****closing browser*****
2017-09-02 22:09:41 INFO  TC002_VerifyRegistration:28 - **************Starting Testcase 003 execusion********
2017-09-02 22:09:43 INFO  HomePage:59 - **********clicking [[FirefoxDriver: firefox on ANY (8c337bb3-b728-424c-b2ee-9f6671ebb38f)] -> xpath: .//*[@id='header']/div[2]/div/div/nav/div[1]/a] object*****
2017-09-02 22:09:51 INFO  TC002_VerifyRegistration:41 - *****closing browser*****
2017-09-02 22:11:05 INFO  TC002_VerifyRegistration:28 - **************Starting Testcase 003 execusion********
2017-09-02 22:11:07 INFO  HomePage:59 - **********clicking [[FirefoxDriver: firefox on ANY (a185a706-d87f-4f8f-b2e1-5254ad0cadaf)] -> xpath: .//*[@id='header']/div[2]/div/div/nav/div[1]/a] object*****
2017-09-02 22:11:17 INFO  TC002_VerifyRegistration:42 - *****closing browser*****
2017-09-02 22:15:35 INFO  TC002_VerifyRegistration:28 - **************Starting Testcase 003 execusion********
2017-09-02 22:15:37 INFO  HomePage:59 - **********clicking [[FirefoxDriver: firefox on ANY (828d2e6f-72d3-405c-ac8c-c273c2db665b)] -> xpath: .//*[@id='header']/div[2]/div/div/nav/div[1]/a] object*****
2017-09-02 22:15:47 INFO  TC002_VerifyRegistration:42 - *****closing browser*****
2017-09-02 22:18:58 INFO  TC002_VerifyRegistration:28 - **************Starting Testcase 003 execusion********
2017-09-02 22:19:00 INFO  HomePage:59 - **********clicking [[FirefoxDriver: firefox on ANY (41dff1c5-4c52-48d5-96ce-7e5a0474f519)] -> xpath: .//*[@id='header']/div[2]/div/div/nav/div[1]/a] object*****
2017-09-02 22:19:10 INFO  TC002_VerifyRegistration:42 - *****closing browser*****
2017-09-02 22:20:55 INFO  TC002_VerifyRegistration:28 - **************Starting Testcase 003 execusion********
2017-09-02 22:20:57 INFO  HomePage:59 - **********clicking [[FirefoxDriver: firefox on ANY (a6bfa144-6a8d-4205-97b6-4f0e3fda8a68)] -> xpath: .//*[@id='header']/div[2]/div/div/nav/div[1]/a] object*****
2017-09-02 22:21:04 INFO  HomePage:47 - *********link  not found to perform click********
2017-09-02 22:21:04 INFO  TC002_VerifyRegistration:36 - **************ending Testcase 003 execusion********
2017-09-02 22:21:04 INFO  TC002_VerifyRegistration:42 - *****closing browser*****
2017-09-02 22:22:13 INFO  TC002_VerifyRegistration:28 - **************Starting Testcase 003 execusion********
2017-09-02 22:22:15 INFO  HomePage:59 - **********clicking [[FirefoxDriver: firefox on ANY (0a689024-f412-4c7f-ad93-a2ee2d5b6a5e)] -> xpath: .//*[@id='header']/div[2]/div/div/nav/div[1]/a] object*****
2017-09-02 22:22:25 INFO  TC002_VerifyRegistration:42 - *****closing browser*****
2017-09-02 23:16:03 INFO  TC002_VerifyRegistration:28 - **************Starting Testcase 003 execusion********
2017-09-02 23:16:05 INFO  HomePage:59 - **********clicking [[FirefoxDriver: firefox on ANY (5b311a90-5482-440c-8e43-7ba6a8ae8aa7)] -> xpath: .//*[@id='header']/div[2]/div/div/nav/div[1]/a] object*****
2017-09-02 23:16:15 INFO  TC002_VerifyRegistration:42 - *****closing browser*****
2017-09-02 23:17:22 INFO  TC002_VerifyRegistration:28 - **************Starting Testcase 003 execusion********
2017-09-02 23:17:24 INFO  HomePage:59 - **********clicking [[FirefoxDriver: firefox on ANY (67eecdb1-1ecf-4cb6-85cf-ac5c0a10900d)] -> xpath: .//*[@id='header']/div[2]/div/div/nav/div[1]/a] object*****
2017-09-02 23:21:44 INFO  TC002_VerifyRegistration:42 - *****closing browser*****
2017-09-02 23:22:45 INFO  TC002_VerifyRegistration:28 - **************Starting Testcase 003 execusion********
2017-09-02 23:22:47 INFO  HomePage:59 - **********clicking [[FirefoxDriver: firefox on ANY (5ab5774f-0f09-4182-b187-278cc9c04036)] -> xpath: .//*[@id='header']/div[2]/div/div/nav/div[1]/a] object*****
2017-09-02 23:22:57 INFO  TC002_VerifyRegistration:36 - **************ending Testcase 003 execusion********
2017-09-02 23:22:57 INFO  TC002_VerifyRegistration:42 - *****closing browser*****
2017-09-02 23:23:52 INFO  TC003_VerifyRegistration:28 - **************Starting Testcase 003 execusion********
2017-09-02 23:23:55 INFO  HomePage:59 - **********clicking [[FirefoxDriver: firefox on ANY (35704fe5-86c4-483a-8c23-cb6e6b87f3fd)] -> xpath: .//*[@id='header']/div[2]/div/div/nav/div[1]/a] object*****
2017-09-02 23:24:05 INFO  TC003_VerifyRegistration:42 - *****closing browser*****
2017-09-02 23:24:55 INFO  TC003_VerifyRegistration:28 - **************Starting Testcase 003 execusion********
2017-09-02 23:24:57 INFO  HomePage:59 - **********clicking [[FirefoxDriver: firefox on ANY (f7b9fce2-3cd2-47af-b29d-eb6f8ac75b71)] -> xpath: .//*[@id='header']/div[2]/div/div/nav/div[1]/a] object*****
2017-09-02 23:25:07 INFO  TC003_VerifyRegistration:42 - *****closing browser*****
2017-09-02 23:26:44 INFO  TC003_VerifyRegistration:28 - **************Starting Testcase 003 execusion********
2017-09-02 23:26:46 INFO  HomePage:59 - **********clicking [[FirefoxDriver: firefox on ANY (116e160f-3792-467b-b206-1d0e54868006)] -> xpath: .//*[@id='header']/div[2]/div/div/nav/div[1]/a] object*****
2017-09-02 23:28:32 INFO  TC003_VerifyRegistration:28 - **************Starting Testcase 003 execusion********
2017-09-02 23:28:35 INFO  HomePage:59 - **********clicking [[FirefoxDriver: firefox on ANY (59f4b4a8-acaa-4429-addd-01c7077ee288)] -> xpath: .//*[@id='header']/div[2]/div/div/nav/div[1]/a] object*****
2017-09-02 23:28:45 INFO  WelcomePageLink:40 - *********link  clicked successfully********
2017-09-02 23:28:45 INFO  TC003_VerifyRegistration:36 - **************ending Testcase 003 execusion********
2017-09-02 23:28:45 INFO  TC003_VerifyRegistration:42 - *****closing browser*****
2017-09-02 23:30:10 INFO  TC003_VerifyRegistration:28 - **************Starting Testcase 003 execusion********
2017-09-02 23:30:12 INFO  HomePage:59 - **********clicking [[FirefoxDriver: firefox on ANY (06cde279-dc70-4f21-b74e-0fa42c7878be)] -> xpath: .//*[@id='header']/div[2]/div/div/nav/div[1]/a] object*****
2017-09-02 23:30:23 INFO  WelcomePageLink:41 - *********link T-SHIRTS clicked successfully********
2017-09-02 23:30:23 INFO  TC003_VerifyRegistration:36 - **************ending Testcase 003 execusion********
2017-09-02 23:30:23 INFO  TC003_VerifyRegistration:42 - *****closing browser*****
2017-09-02 23:32:47 INFO  TC003_VerifyRegistration:28 - **************Starting Testcase 003 execusion********
2017-09-02 23:32:49 INFO  HomePage:59 - **********clicking [[FirefoxDriver: firefox on ANY (c63f3ef3-c81a-461c-b5bf-5fb11c5d81df)] -> xpath: .//*[@id='header']/div[2]/div/div/nav/div[1]/a] object*****
2017-09-02 23:32:59 INFO  TC003_VerifyRegistration:42 - *****closing browser*****
2017-09-02 23:36:32 INFO  TC003_VerifyRegistration:28 - **************Starting Testcase 003 execusion********
2017-09-02 23:36:34 INFO  HomePage:59 - **********clicking [[FirefoxDriver: firefox on ANY (344289fa-8d5c-45ba-90b7-d975e4d19118)] -> xpath: .//*[@id='header']/div[2]/div/div/nav/div[1]/a] object*****
2017-09-02 23:36:45 INFO  WelcomePageLink:42 - *********link T-SHIRTS clicked successfully********
2017-09-02 23:36:45 INFO  TC003_VerifyRegistration:36 - **************ending Testcase 003 execusion********
2017-09-02 23:36:45 INFO  TC003_VerifyRegistration:42 - *****closing browser*****
2017-09-03 16:25:18 INFO  TC001_VerifyLoginwithInvalidCrediantials:20 - ***************initialization done************
2017-09-03 16:25:18 INFO  TC001_VerifyLoginwithInvalidCrediantials:25 - *****************starting verifyLoginwithInvalidCrediantials TC001 method******
2017-09-03 16:25:20 INFO  HomePage:59 - **********clicking [[FirefoxDriver: firefox on ANY (b0926e22-75eb-441c-85cd-33bc9c21ec00)] -> xpath: .//*[@id='header']/div[2]/div/div/nav/div[1]/a] object*****
2017-09-03 16:25:24 INFO  TC001_VerifyLoginwithInvalidCrediantials:29 - *****************ending verifyLoginwithInvalidCrediantials method******
2017-09-03 16:25:24 INFO  TC001_VerifyLoginwithInvalidCrediantials:34 - *******closing browser******
2017-09-03 16:25:54 INFO  TC003_VerifyRegistration:28 - **************Starting Testcase 003 execusion********
2017-09-03 16:25:57 INFO  HomePage:59 - **********clicking [[FirefoxDriver: firefox on ANY (822dab2c-c0fb-4a34-8192-bc1797aff1ad)] -> xpath: .//*[@id='header']/div[2]/div/div/nav/div[1]/a] object*****
2017-09-03 16:26:08 INFO  WelcomePageLink:42 - *********link T-SHIRTS clicked successfully********
2017-09-03 16:26:08 INFO  TC003_VerifyRegistration:36 - **************ending Testcase 003 execusion********
2017-09-03 16:26:08 INFO  TC003_VerifyRegistration:42 - *****closing browser*****
2017-09-17 14:48:39 INFO  TC001_VerifyLoginwithInvalidCrediantials:20 - ***************initialization done************
2017-09-17 14:48:40 INFO  TC001_VerifyLoginwithInvalidCrediantials:25 - *****************starting verifyLoginwithInvalidCrediantials TC001 method******
2017-09-17 14:48:42 INFO  HomePage:59 - **********clicking [[FirefoxDriver: firefox on ANY (ff78f12f-d952-4a5e-af81-9906e8e6b607)] -> xpath: .//*[@id='header']/div[2]/div/div/nav/div[1]/a] object*****
2017-09-17 14:48:47 INFO  TC001_VerifyLoginwithInvalidCrediantials:29 - *****************ending verifyLoginwithInvalidCrediantials method******
2017-09-17 14:48:47 INFO  TC001_VerifyLoginwithInvalidCrediantials:34 - *******closing browser******
2017-09-24 08:27:42 INFO  TC001_VerifyLoginwithInvalidCrediantials:20 - ***************initialization done************
2017-09-24 08:27:42 INFO  TC001_VerifyLoginwithInvalidCrediantials:25 - *****************starting verifyLoginwithInvalidCrediantials TC001 method******
2017-09-24 08:27:45 INFO  HomePage:59 - **********clicking [[FirefoxDriver: firefox on ANY (0d150809-7550-477d-a62b-9657c1555cec)] -> xpath: .//*[@id='header']/div[2]/div/div/nav/div[1]/a] object*****
2017-09-24 08:27:49 INFO  TC001_VerifyLoginwithInvalidCrediantials:29 - *****************ending verifyLoginwithInvalidCrediantials method******
2017-09-24 08:27:50 INFO  TC001_VerifyLoginwithInvalidCrediantials:34 - *******closing browser******
2017-09-24 08:30:11 INFO  TC002_VerifyRegistration:24 - **************Starting Testcase 002 execusion********
2017-09-24 08:30:27 INFO  TC002_VerifyRegistration:33 - *****closing browser*****
2017-09-24 08:42:02 INFO  TC003_VerifyRegistration:28 - **************Starting Testcase 003 execusion********
2017-09-24 08:42:04 INFO  HomePage:59 - **********clicking [[FirefoxDriver: firefox on ANY (d021ec2f-1f19-4929-b125-f32ca1eaff43)] -> xpath: .//*[@id='header']/div[2]/div/div/nav/div[1]/a] object*****
2017-09-24 08:42:15 INFO  WelcomePageLink:42 - *********link T-SHIRTS clicked successfully********
2017-09-24 08:42:15 INFO  TC003_VerifyRegistration:36 - **************ending Testcase 003 execusion********
2017-09-24 08:42:15 INFO  TC003_VerifyRegistration:42 - *****closing browser*****
2017-09-24 16:39:39 INFO  TC001_VerifyLoginwithInvalidCrediantials:20 - ***************initialization done************
2017-09-24 16:39:39 INFO  TC001_VerifyLoginwithInvalidCrediantials:25 - *****************starting verifyLoginwithInvalidCrediantials TC001 method******
2017-09-24 16:39:42 INFO  HomePage:59 - **********clicking [[FirefoxDriver: firefox on ANY (ac41c68a-ae25-4363-8204-51c08eeddfe0)] -> xpath: .//*[@id='header']/div[2]/div/div/nav/div[1]/a] object*****
2017-09-24 16:39:49 INFO  TC001_VerifyLoginwithInvalidCrediantials:29 - *****************ending verifyLoginwithInvalidCrediantials method******
2017-09-24 16:39:49 INFO  TC001_VerifyLoginwithInvalidCrediantials:34 - *******closing browser******
2017-09-27 00:57:47 INFO  TC001_VerifyLoginwithInvalidCrediantials:20 - ***************initialization done************
2017-09-27 00:57:47 INFO  TC001_VerifyLoginwithInvalidCrediantials:25 - *****************starting verifyLoginwithInvalidCrediantials TC001 method******
2017-09-27 00:57:50 INFO  HomePage:59 - **********clicking [[FirefoxDriver: firefox on ANY (8d81a8aa-3bdb-4f5f-b5a9-c2ee4ef618fb)] -> xpath: .//*[@id='header']/div[2]/div/div/nav/div[1]/a] object*****
2017-09-27 00:57:56 INFO  TC001_VerifyLoginwithInvalidCrediantials:29 - *****************ending verifyLoginwithInvalidCrediantials method******
2017-09-27 00:57:56 INFO  TC001_VerifyLoginwithInvalidCrediantials:34 - *******closing browser******
2018-03-17 06:11:02 INFO  TC001_VerifyLoginwithInvalidCrediantials:20 - ***************initialization done************
2018-03-17 06:11:02 INFO  TC001_VerifyLoginwithInvalidCrediantials:25 - *****************starting verifyLoginwithInvalidCrediantials TC001 method******
2018-03-17 06:11:05 INFO  HomePage:59 - **********clicking [[FirefoxDriver: firefox on ANY (5fb607ef-977b-4231-8054-000878f7bba4)] -> xpath: .//*[@id='header']/div[2]/div/div/nav/div[1]/a] object*****
2018-03-17 06:11:11 INFO  TC001_VerifyLoginwithInvalidCrediantials:29 - *****************ending verifyLoginwithInvalidCrediantials method******
2018-03-17 06:11:13 INFO  TC001_VerifyLoginwithInvalidCrediantials:34 - *******closing browser******
2018-03-17 06:12:25 INFO  TC003_VerifyRegistration:28 - **************Starting Testcase 003 execusion********
2018-03-17 06:12:28 INFO  HomePage:59 - **********clicking [[FirefoxDriver: firefox on ANY (80fc0dc9-e9a0-4394-a89b-56fcad0a037f)] -> xpath: .//*[@id='header']/div[2]/div/div/nav/div[1]/a] object*****
2018-03-17 06:12:40 INFO  WelcomePageLink:42 - *********link T-SHIRTS clicked successfully********
2018-03-17 06:12:40 INFO  TC003_VerifyRegistration:36 - **************ending Testcase 003 execusion********
2018-03-17 06:12:40 INFO  TC003_VerifyRegistration:42 - *****closing browser*****
2018-03-24 21:11:06 INFO  TC001_VerifyLoginwithInvalidCrediantials:20 - ***************initialization done************
2018-03-24 21:11:06 INFO  TC002_VerifyRegistration:18 - **************Launching browser********
2018-03-24 21:11:25 INFO  TestBase:68 - ********* firefox browser launch successfull************
2018-03-24 21:11:25 INFO  TC002_VerifyRegistration:24 - **************Starting Testcase 002 execusion********
2018-03-24 21:11:41 INFO  TC002_VerifyRegistration:33 - *****closing browser*****
2018-03-24 21:11:43 INFO  TC003_VerifyRegistration:22 - **************Launching browser********
2018-03-24 21:12:00 INFO  TestBase:68 - ********* firefox browser launch successfull************
2018-03-24 21:12:00 INFO  TC003_VerifyRegistration:28 - **************Starting Testcase 003 execusion********
2018-03-24 21:12:03 INFO  HomePage:59 - **********clicking [[FirefoxDriver: firefox on ANY (7f51d7f9-a43b-45f2-8e96-a5f2489b163c)] -> xpath: .//*[@id='header']/div[2]/div/div/nav/div[1]/a] object*****
2018-03-24 21:12:16 INFO  WelcomePageLink:42 - *********link T-SHIRTS clicked successfully********
2018-03-24 21:12:16 INFO  TC003_VerifyRegistration:36 - **************ending Testcase 003 execusion********
2018-03-24 21:12:16 INFO  TC003_VerifyRegistration:42 - *****closing browser*****
2018-03-24 21:12:17 INFO  TC001_VerifyLoginwithInvalidCrediantials:25 - *****************starting verifyLoginwithInvalidCrediantials TC001 method******
2018-03-24 21:12:20 INFO  HomePage:59 - **********clicking [[FirefoxDriver: firefox on ANY (e9d3573b-4b6d-405b-be10-ce3930fd8d5b)] -> xpath: .//*[@id='header']/div[2]/div/div/nav/div[1]/a] object*****
2018-03-24 21:12:26 INFO  TC001_VerifyLoginwithInvalidCrediantials:29 - *****************ending verifyLoginwithInvalidCrediantials method******
2018-03-24 21:12:26 INFO  TC001_VerifyLoginwithInvalidCrediantials:34 - *******closing browser******
2018-05-14 11:23:29 INFO  TC001_VerifyLoginwithInvalidCrediantials:20 - ***************initialization done************
2018-05-14 11:23:29 INFO  TC002_VerifyRegistration:18 - **************Launching browser********
2018-05-14 11:23:48 INFO  TestBase:68 - ********* firefox browser launch successfull************
2018-05-14 11:23:48 INFO  TC002_VerifyRegistration:24 - **************Starting Testcase 002 execusion********
2018-05-14 11:24:04 INFO  TC002_VerifyRegistration:33 - *****closing browser*****
2018-05-14 11:24:06 INFO  TC003_VerifyRegistration:22 - **************Launching browser********
2018-05-14 11:24:27 INFO  TestBase:68 - ********* firefox browser launch successfull************
2018-05-14 11:24:27 INFO  TC003_VerifyRegistration:28 - **************Starting Testcase 003 execusion********
2018-05-14 11:24:30 INFO  HomePage:59 - **********clicking [[FirefoxDriver: firefox on ANY (04d11415-0708-4a63-a08f-3f2809cbc61a)] -> xpath: .//*[@id='header']/div[2]/div/div/nav/div[1]/a] object*****
2018-05-14 11:24:44 INFO  WelcomePageLink:42 - *********link T-SHIRTS clicked successfully********
2018-05-14 11:24:44 INFO  TC003_VerifyRegistration:36 - **************ending Testcase 003 execusion********
2018-05-14 11:24:44 INFO  TC003_VerifyRegistration:42 - *****closing browser*****
2018-05-14 11:24:44 INFO  TC001_VerifyLoginwithInvalidCrediantials:25 - *****************starting verifyLoginwithInvalidCrediantials TC001 method******
2018-05-14 11:24:47 INFO  HomePage:59 - **********clicking [[FirefoxDriver: firefox on ANY (333151e5-5cc9-41be-8059-a4bc4df18db5)] -> xpath: .//*[@id='header']/div[2]/div/div/nav/div[1]/a] object*****
2018-05-14 11:24:53 INFO  TC001_VerifyLoginwithInvalidCrediantials:29 - *****************ending verifyLoginwithInvalidCrediantials method******
2018-05-14 11:24:53 INFO  TC001_VerifyLoginwithInvalidCrediantials:34 - *******closing browser******
2018-05-14 12:16:19 INFO  TC001_VerifyLoginwithInvalidCrediantials:20 - ***************initialization done************
2018-05-14 12:16:19 INFO  TC002_VerifyRegistration:18 - **************Launching browser********
2018-05-14 12:16:37 INFO  TestBase:68 - ********* firefox browser launch successfull************
2018-05-14 12:16:37 INFO  TC002_VerifyRegistration:24 - **************Starting Testcase 002 execusion********
2018-05-14 12:16:54 INFO  TC002_VerifyRegistration:33 - *****closing browser*****
2018-05-14 12:16:55 INFO  TC003_VerifyRegistration:22 - **************Launching browser********
2018-05-14 12:38:25 INFO  TC001_VerifyLoginwithInvalidCrediantials:20 - ***************initialization done************
2018-05-14 12:38:25 INFO  TC001_VerifyLoginwithInvalidCrediantials:25 - *****************starting verifyLoginwithInvalidCrediantials TC001 method******
2018-05-14 12:38:29 INFO  HomePage:59 - **********clicking [[FirefoxDriver: firefox on ANY (c3b576fd-5c8f-46da-bfa7-b8499131ff0f)] -> xpath: .//*[@id='header']/div[2]/div/div/nav/div[1]/a] object*****
2018-05-14 12:38:36 INFO  TC001_VerifyLoginwithInvalidCrediantials:29 - *****************ending verifyLoginwithInvalidCrediantials method******
2018-05-14 12:38:37 INFO  TC001_VerifyLoginwithInvalidCrediantials:34 - *******closing browser******
2018-05-25 23:18:37 INFO  TC001_VerifyLoginwithInvalidCrediantials:20 - ***************initialization done************
2018-05-25 23:18:37 INFO  TC001_VerifyLoginwithInvalidCrediantials:25 - *****************starting verifyLoginwithInvalidCrediantials TC001 method******
2018-06-17 19:13:29 INFO  TC002_VerifyRegistration:24 - **************Starting Testcase 002 execusion********
2018-06-17 19:13:46 INFO  TC002_VerifyRegistration:33 - *****closing browser*****
2018-06-17 19:18:40 INFO  TC001_VerifyLoginwithInvalidCrediantials:20 - ***************initialization done************
2018-06-17 19:18:40 INFO  TC001_VerifyLoginwithInvalidCrediantials:25 - *****************starting verifyLoginwithInvalidCrediantials TC001 method******
2018-06-17 19:18:44 INFO  HomePage:59 - **********clicking [[FirefoxDriver: firefox on ANY (5c2a66bc-9177-4626-8e57-51beb7712886)] -> xpath: .//*[@id='header']/div[2]/div/div/nav/div[1]/a] object*****
2018-06-17 19:18:50 INFO  TC001_VerifyLoginwithInvalidCrediantials:29 - *****************ending verifyLoginwithInvalidCrediantials method******
2018-06-17 19:18:50 INFO  TC001_VerifyLoginwithInvalidCrediantials:34 - *******closing browser******
2018-06-17 19:30:55 INFO  TC002_VerifyRegistration:24 - **************Starting Testcase 002 execusion********
2018-06-17 19:31:03 INFO  TC002_VerifyRegistration:33 - *****closing browser*****
2018-06-17 19:31:37 INFO  TC002_VerifyRegistration:24 - **************Starting Testcase 002 execusion********
2018-06-17 19:31:53 INFO  TC002_VerifyRegistration:33 - *****closing browser*****
2018-06-17 19:32:56 INFO  TC003_VerifyRegistration:28 - **************Starting Testcase 003 execusion********
2018-06-17 19:32:59 INFO  HomePage:59 - **********clicking [[FirefoxDriver: firefox on ANY (a10e0874-5ac7-4849-9244-37c68690a9d6)] -> xpath: .//*[@id='header']/div[2]/div/div/nav/div[1]/a] object*****
2018-06-17 19:33:12 INFO  WelcomePageLink:42 - *********link T-SHIRTS clicked successfully********
2018-06-17 19:33:12 INFO  TC003_VerifyRegistration:36 - **************ending Testcase 003 execusion********
2018-06-17 19:33:12 INFO  TC003_VerifyRegistration:42 - *****closing browser*****
2021-01-20 01:30:08 INFO  TC001_VerifyLoginwithInvalidCrediantials:20 - ***************initialization done************
2021-01-20 01:30:08 INFO  TC002_VerifyRegistration:18 - **************Launching browser********
2021-01-20 01:30:18 INFO  TestBase:68 - ********* firefox browser launch successfull************
2021-01-20 01:30:18 INFO  TC002_VerifyRegistration:24 - **************Starting Testcase 002 execusion********
2021-01-20 01:30:34 INFO  TC002_VerifyRegistration:33 - *****closing browser*****
2021-01-20 01:30:36 INFO  TC003_VerifyRegistration:22 - **************Launching browser********
2021-01-20 01:30:46 INFO  TestBase:68 - ********* firefox browser launch successfull************
2021-01-20 01:30:46 INFO  TC003_VerifyRegistration:28 - **************Starting Testcase 003 execusion********
2021-01-20 01:30:49 INFO  HomePage:59 - **********clicking [[ChromeDriver: chrome on ANY (69bffea77465b4f32a31d0f64c1993d3)] -> xpath: .//*[@id='header']/div[2]/div/div/nav/div[1]/a] object*****
2021-01-20 01:31:02 INFO  WelcomePageLink:42 - *********link T-SHIRTS clicked successfully********
2021-01-20 01:31:02 INFO  TC003_VerifyRegistration:36 - **************ending Testcase 003 execusion********
2021-01-20 01:31:02 INFO  TC003_VerifyRegistration:42 - *****closing browser*****
2021-01-20 01:31:02 INFO  TC001_VerifyLoginwithInvalidCrediantials:25 - *****************starting verifyLoginwithInvalidCrediantials TC001 method******
2021-01-20 01:31:05 INFO  HomePage:59 - **********clicking [[ChromeDriver: chrome on ANY (83ee78059a618e68bd8c012e43708dbb)] -> xpath: .//*[@id='header']/div[2]/div/div/nav/div[1]/a] object*****
2021-01-20 01:31:10 INFO  TC001_VerifyLoginwithInvalidCrediantials:29 - *****************ending verifyLoginwithInvalidCrediantials method******
2021-01-20 01:31:10 INFO  TC001_VerifyLoginwithInvalidCrediantials:34 - *******closing browser******
2021-01-20 23:20:52 INFO  TC001_VerifyLoginwithInvalidCrediantials:20 - ***************initialization done************
2021-01-20 23:20:52 INFO  TC002_VerifyRegistration:18 - **************Launching browser********
2021-01-20 23:20:59 INFO  TestBase:68 - ********* firefox browser launch successfull************
2021-01-20 23:20:59 INFO  TC002_VerifyRegistration:24 - **************Starting Testcase 002 execusion********
2021-01-20 23:21:05 INFO  TC002_VerifyRegistration:33 - *****closing browser*****
2021-01-20 23:21:08 INFO  TC003_VerifyRegistration:22 - **************Launching browser********
2021-01-20 23:21:19 INFO  TestBase:68 - ********* firefox browser launch successfull************
2021-01-20 23:21:19 INFO  TC003_VerifyRegistration:28 - **************Starting Testcase 003 execusion********
2021-01-20 23:21:23 INFO  HomePage:66 - **********clicking [[ChromeDriver: chrome on ANY (b885b94cbe2c0c6ddb2ced88d38d0b0b)] -> xpath: .//*[@id='header']/div[2]/div/div/nav/div[1]/a] object*****
2021-01-20 23:21:35 INFO  WelcomePageLink:42 - *********link T-SHIRTS clicked successfully********
2021-01-20 23:21:35 INFO  TC003_VerifyRegistration:36 - **************ending Testcase 003 execusion********
2021-01-20 23:21:35 INFO  TC003_VerifyRegistration:42 - *****closing browser*****
2021-01-20 23:21:35 INFO  TC001_VerifyLoginwithInvalidCrediantials:25 - *****************starting verifyLoginwithInvalidCrediantials TC001 method******
2021-01-20 23:21:39 INFO  TC001_VerifyLoginwithInvalidCrediantials:35 - *******closing browser******
2021-01-20 23:24:02 INFO  TC001_VerifyLoginwithInvalidCrediantials:20 - ***************initialization done************
2021-01-20 23:24:02 INFO  TC001_VerifyLoginwithInvalidCrediantials:25 - *****************starting verifyLoginwithInvalidCrediantials TC001 method******
2021-01-20 23:24:02 INFO  HomePage:83 - **********clicking [[ChromeDriver: chrome on ANY (cf464fd4c6511145a7bbfd9e870b0836)] -> xpath: .//*[@id='header']/div[2]/div/div/nav/div[1]/a] object*****
2021-01-20 23:25:18 INFO  TC001_VerifyLoginwithInvalidCrediantials:35 - *******closing browser******
2021-01-20 23:25:45 INFO  TC001_VerifyLoginwithInvalidCrediantials:20 - ***************initialization done************
2021-01-20 23:25:45 INFO  TC001_VerifyLoginwithInvalidCrediantials:25 - *****************starting verifyLoginwithInvalidCrediantials TC001 method******
2021-01-20 23:25:45 INFO  HomePage:83 - **********clicking [[ChromeDriver: chrome on ANY (e916c8ee90ffd3930335658c3d71ba66)] -> xpath: .//*[@id='header']/div[2]/div/div/nav/div[1]/a] object*****
2021-01-20 23:27:01 INFO  TC001_VerifyLoginwithInvalidCrediantials:35 - *******closing browser******
2021-01-20 23:27:32 INFO  TC001_VerifyLoginwithInvalidCrediantials:20 - ***************initialization done************
2021-01-20 23:27:32 INFO  TC001_VerifyLoginwithInvalidCrediantials:25 - *****************starting verifyLoginwithInvalidCrediantials TC001 method******
2021-01-20 23:27:32 INFO  HomePage:83 - **********clicking [[ChromeDriver: chrome on ANY (aa3f1f53bebd0966ca2df4a253683c3a)] -> xpath: .//*[@id='header']/div[2]/div/div/nav/div[1]/a] object*****
2021-01-20 23:29:06 INFO  TC001_VerifyLoginwithInvalidCrediantials:20 - ***************initialization done************
2021-01-20 23:29:06 INFO  TC001_VerifyLoginwithInvalidCrediantials:25 - *****************starting verifyLoginwithInvalidCrediantials TC001 method******
2021-01-20 23:29:06 INFO  HomePage:83 - **********clicking [[ChromeDriver: chrome on ANY (cf67b608d9a7e741b9615afc8fc1a47c)] -> xpath: .//*[@id='header']/div[2]/div/div/nav/div[1]/a] object*****
2021-01-20 23:29:57 INFO  TC001_VerifyLoginwithInvalidCrediantials:35 - *******closing browser******
2021-01-20 23:32:13 INFO  TC001_VerifyLoginwithInvalidCrediantials:20 - ***************initialization done************
2021-01-20 23:32:14 INFO  TC001_VerifyLoginwithInvalidCrediantials:25 - *****************starting verifyLoginwithInvalidCrediantials TC001 method******
2021-01-20 23:32:14 INFO  HomePage:83 - **********clicking [[ChromeDriver: chrome on ANY (13f2fde8d7c24b33bc7de620fb8aef9d)] -> xpath: .//*[@id='header']/div[2]/div/div/nav/div[1]/a] object*****
2021-01-20 23:32:57 INFO  TC001_VerifyLoginwithInvalidCrediantials:35 - *******closing browser******
2021-01-20 23:36:08 INFO  TC001_VerifyLoginwithInvalidCrediantials:20 - ***************initialization done************
2021-01-20 23:36:08 INFO  TC001_VerifyLoginwithInvalidCrediantials:25 - *****************starting verifyLoginwithInvalidCrediantials TC001 method******
2021-01-20 23:36:09 INFO  HomePage:83 - **********clicking [[ChromeDriver: chrome on ANY (1c55960054eaf169fadb52965f2983dd)] -> xpath: .//*[@id='header']/div[2]/div/div/nav/div[1]/a] object*****
2021-01-20 23:36:38 INFO  TC001_VerifyLoginwithInvalidCrediantials:35 - *******closing browser******
2021-01-21 09:35:00 INFO  TC001_VerifyLoginwithInvalidCrediantials:20 - ***************initialization done************
2021-01-21 09:35:00 INFO  TC001_VerifyLoginwithInvalidCrediantials:25 - *****************starting verifyLoginwithInvalidCrediantials TC001 method******
2021-01-21 09:35:00 INFO  HomePage:83 - **********clicking [[ChromeDriver: chrome on ANY (7fc3ccd77827f491f4d4c9714ea9f95a)] -> xpath: .//*[@id='header']/div[2]/div/div/nav/div[1]/a] object*****
2021-01-21 09:35:02 INFO  SignInPage:124 - *****************************Create Account*****************************
2021-01-21 09:35:11 INFO  SignInPage:161 - *****************************Account Created Successfully*****************************
2021-01-21 09:35:15 INFO  HomePage:88 - **************************Login to Account************************** 
2021-01-21 09:35:18 INFO  HomePage:93 - **************************Successfully Login to Account************************** 
2021-01-21 09:35:29 INFO  TC001_VerifyLoginwithInvalidCrediantials:35 - *******closing browser******
2021-01-21 09:54:36 INFO  TC001_VerifyLoginwithInvalidCrediantials:20 - ***************Driver Initialization Completed************
2021-01-21 09:54:37 INFO  TC001_VerifyLoginwithInvalidCrediantials:26 - *****************Login to Automation Practice Account ******
2021-01-21 09:54:37 INFO  HomePage:83 - **********clicking [[ChromeDriver: chrome on ANY (adfa262c97a091835d225e158521b627)] -> xpath: .//*[@id='header']/div[2]/div/div/nav/div[1]/a] object*****
2021-01-21 09:54:39 INFO  SignInPage:124 - *****************************Create Account*****************************
2021-01-21 09:54:50 INFO  SignInPage:161 - *****************************Account Created Successfully*****************************
2021-01-21 09:54:53 INFO  HomePage:88 - **************************Login to Account************************** 
2021-01-21 09:54:55 INFO  HomePage:93 - **************************Successfully Login to Account************************** 
2021-01-21 09:54:55 INFO  TC001_VerifyLoginwithInvalidCrediantials:30 - *****************Successfully Login to Application*****************
2021-01-21 09:54:56 INFO  TC001_VerifyLoginwithInvalidCrediantials:35 - *******closing browser******
2021-01-21 14:59:53 INFO  TC001_VerifyLoginwithInvalidCrediantials:21 - ***************Driver Initialization Completed************
2021-01-21 14:59:53 INFO  TC001_VerifyLoginwithInvalidCrediantials:29 - *****************Login to Automation Practice Account ******
2021-01-21 14:59:54 INFO  HomePage:83 - **********clicking [[ChromeDriver: chrome on ANY (5704f27d7c2ef74bc8ff1763fafb01b4)] -> xpath: .//*[@id='header']/div[2]/div/div/nav/div[1]/a] object*****
2021-01-21 14:59:57 INFO  SignInPage:124 - *****************************Create Account*****************************
2021-01-21 15:00:06 INFO  SignInPage:161 - *****************************Account Created Successfully*****************************
2021-01-21 15:00:11 INFO  HomePage:88 - **************************Login to Account************************** 
2021-01-21 15:00:14 INFO  HomePage:93 - **************************Successfully Login to Account************************** 
2021-01-21 15:00:14 INFO  TC001_VerifyLoginwithInvalidCrediantials:33 - *****************Successfully Login to Application*****************
2021-01-21 15:00:16 INFO  TC001_VerifyLoginwithInvalidCrediantials:38 - *******closing browser******
2021-01-21 15:05:03 INFO  TC001_VerifyLoginwithInvalidCrediantials:21 - ***************Driver Initialization Completed************
2021-01-21 15:05:04 INFO  TC001_VerifyLoginwithInvalidCrediantials:29 - *****************Login to Automation Practice Account ******
2021-01-21 15:05:04 INFO  HomePage:83 - **********clicking [[ChromeDriver: chrome on ANY (fe5f24402e6729c52a7de8e54602183d)] -> xpath: .//*[@id='header']/div[2]/div/div/nav/div[1]/a] object*****
2021-01-21 15:05:06 INFO  SignInPage:124 - *****************************Create Account*****************************
2021-01-21 15:05:20 INFO  SignInPage:161 - *****************************Account Created Successfully*****************************
2021-01-21 15:05:23 INFO  HomePage:88 - **************************Login to Account************************** 
2021-01-21 15:05:26 INFO  HomePage:93 - **************************Successfully Login to Account************************** 
2021-01-21 15:05:26 INFO  TC001_VerifyLoginwithInvalidCrediantials:33 - *****************Successfully Login to Application*****************
2021-01-21 15:05:27 INFO  TC001_VerifyLoginwithInvalidCrediantials:38 - *******closing browser******
2021-01-21 15:29:07 INFO  TC001_VerifyLoginwithInvalidCrediantials:21 - ***************Driver Initialization Completed************
2021-01-21 15:29:08 INFO  TC001_VerifyLoginwithInvalidCrediantials:29 - *****************Login to Automation Practice Account ******
2021-01-21 15:29:08 INFO  HomePage:83 - **********clicking [[ChromeDriver: chrome on ANY (288825717d6c310c357f37f591932a19)] -> xpath: .//*[@id='header']/div[2]/div/div/nav/div[1]/a] object*****
2021-01-21 15:29:12 INFO  SignInPage:124 - *****************************Create Account*****************************
2021-01-21 15:29:22 INFO  SignInPage:161 - *****************************Account Created Successfully*****************************
2021-01-21 15:29:25 INFO  HomePage:88 - **************************Login to Account************************** 
2021-01-21 15:29:28 INFO  HomePage:93 - **************************Successfully Login to Account************************** 
2021-01-21 15:29:28 INFO  TC001_VerifyLoginwithInvalidCrediantials:33 - *****************Successfully Login to Application*****************
2021-01-21 15:29:29 INFO  TC001_VerifyLoginwithInvalidCrediantials:38 - *******closing browser******
2021-01-21 15:33:41 INFO  TC001_VerifyLoginwithInvalidCrediantials:21 - ***************Driver Initialization Completed************
2021-01-21 15:33:41 INFO  TC001_VerifyLoginwithInvalidCrediantials:29 - *****************Login to Automation Practice Account ******
2021-01-21 15:33:41 INFO  HomePage:83 - **********clicking [[ChromeDriver: chrome on ANY (25329f188b6d1a61348403c0d9828816)] -> xpath: .//*[@id='header']/div[2]/div/div/nav/div[1]/a] object*****
2021-01-21 15:33:44 INFO  SignInPage:124 - *****************************Create Account*****************************
2021-01-21 15:33:53 INFO  SignInPage:161 - *****************************Account Created Successfully*****************************
2021-01-21 15:33:56 INFO  HomePage:88 - **************************Login to Account************************** 
2021-01-21 15:33:58 INFO  HomePage:93 - **************************Successfully Login to Account************************** 
2021-01-21 15:37:09 INFO  TC001_VerifyLoginwithInvalidCrediantials:21 - ***************Driver Initialization Completed************
2021-01-21 15:37:09 INFO  TC001_VerifyLoginwithInvalidCrediantials:29 - *****************Login to Automation Practice Account ******
2021-01-21 15:37:10 INFO  HomePage:83 - **********clicking [[ChromeDriver: chrome on ANY (82813d2be0b240930e1d5b2e20198f55)] -> xpath: .//*[@id='header']/div[2]/div/div/nav/div[1]/a] object*****
2021-01-21 15:37:12 INFO  SignInPage:124 - *****************************Create Account*****************************
2021-01-21 15:37:22 INFO  SignInPage:161 - *****************************Account Created Successfully*****************************
2021-01-21 15:37:25 INFO  HomePage:88 - **************************Login to Account************************** 
2021-01-21 15:37:28 INFO  HomePage:93 - **************************Successfully Login to Account************************** 
2021-01-21 15:37:28 INFO  TC001_VerifyLoginwithInvalidCrediantials:33 - *****************Successfully Login to Application*****************
2021-01-21 15:37:29 INFO  TC001_VerifyLoginwithInvalidCrediantials:38 - *******closing browser******
2021-01-21 16:21:21 INFO  TC001_VerifyLoginwithInvalidCrediantials:33 - ***************Driver Initialization Completed************
2021-01-21 16:21:21 INFO  TC001_VerifyLoginwithInvalidCrediantials:47 - *****************Login to Automation Practice Account ******
2021-01-21 16:21:22 INFO  HomePage:83 - **********clicking [[ChromeDriver: chrome on ANY (95b733ebd364a1f885cc169c782a6892)] -> xpath: .//*[@id='header']/div[2]/div/div/nav/div[1]/a] object*****
2021-01-21 16:21:29 INFO  SignInPage:124 - *****************************Create Account*****************************
2021-01-21 16:21:39 INFO  SignInPage:161 - *****************************Account Created Successfully*****************************
2021-01-21 16:21:44 INFO  HomePage:88 - **************************Login to Account************************** 
2021-01-21 16:21:48 INFO  HomePage:93 - **************************Successfully Login to Account************************** 
2021-01-21 16:21:49 INFO  Address:50 - ****************************Add New Shipping Addresss****************************
2021-01-21 16:22:19 INFO  Women:54 - **************** Goto Women SummerDress ****************
2021-01-21 16:23:30 INFO  TC001_VerifyLoginwithInvalidCrediantials:33 - ***************Driver Initialization Completed************
2021-01-21 16:23:30 INFO  TC001_VerifyLoginwithInvalidCrediantials:47 - *****************Login to Automation Practice Account ******
2021-01-21 16:23:30 INFO  HomePage:83 - **********clicking [[ChromeDriver: chrome on ANY (6dcfb475b4fc98bd46af36bdfdd1c5c6)] -> xpath: .//*[@id='header']/div[2]/div/div/nav/div[1]/a] object*****
2021-01-21 16:23:37 INFO  SignInPage:124 - *****************************Create Account*****************************
2021-01-21 16:23:50 INFO  SignInPage:161 - *****************************Account Created Successfully*****************************
2021-01-21 16:23:56 INFO  HomePage:88 - **************************Login to Account************************** 
2021-01-21 16:24:00 INFO  HomePage:93 - **************************Successfully Login to Account************************** 
2021-01-21 16:24:21 INFO  Address:50 - ****************************Add New Shipping Addresss****************************
2021-01-21 16:27:12 INFO  TC001_VerifyLoginwithInvalidCrediantials:33 - ***************Driver Initialization Completed************
2021-01-21 16:27:12 INFO  TC001_VerifyLoginwithInvalidCrediantials:47 - *****************Login to Automation Practice Account ******
2021-01-21 16:27:12 INFO  HomePage:83 - **********clicking [[ChromeDriver: chrome on ANY (c7b88688df2951160af5928aa80a6e10)] -> xpath: .//*[@id='header']/div[2]/div/div/nav/div[1]/a] object*****
2021-01-21 16:27:15 INFO  SignInPage:124 - *****************************Create Account*****************************
2021-01-21 16:27:24 INFO  SignInPage:161 - *****************************Account Created Successfully*****************************
2021-01-21 16:27:27 INFO  HomePage:88 - **************************Login to Account************************** 
2021-01-21 16:27:30 INFO  HomePage:93 - **************************Successfully Login to Account************************** 
2021-01-21 16:27:30 INFO  Address:50 - ****************************Add New Shipping Addresss****************************
2021-01-21 16:30:44 INFO  TC001_VerifyLoginwithInvalidCrediantials:33 - ***************Driver Initialization Completed************
2021-01-21 16:30:44 INFO  TC001_VerifyLoginwithInvalidCrediantials:47 - *****************Login to Automation Practice Account ******
2021-01-21 16:30:45 INFO  HomePage:83 - **********clicking [[ChromeDriver: chrome on ANY (30b598a724e718f37dbef62eceef9f76)] -> xpath: .//*[@id='header']/div[2]/div/div/nav/div[1]/a] object*****
2021-01-21 16:30:48 INFO  SignInPage:124 - *****************************Create Account*****************************
2021-01-21 16:30:57 INFO  SignInPage:161 - *****************************Account Created Successfully*****************************
2021-01-21 16:31:00 INFO  HomePage:88 - **************************Login to Account************************** 
2021-01-21 16:31:02 INFO  HomePage:93 - **************************Successfully Login to Account************************** 
2021-01-21 16:31:02 INFO  Address:52 - ****************************Add New Shipping Addresss****************************
2021-01-21 16:31:12 INFO  Address:80 - ****************************Successfully Added New Shipping Addresss****************************
2021-01-21 16:31:12 INFO  Women:54 - **************** Goto Women SummerDress ****************
2021-01-21 16:32:28 INFO  TC001_VerifyLoginwithInvalidCrediantials:74 - *****************Successfully Login to Application*****************
2021-01-21 16:32:30 INFO  TC001_VerifyLoginwithInvalidCrediantials:79 - *******closing browser******
2021-01-21 16:35:45 INFO  TC001_VerifyLoginwithInvalidCrediantials:33 - ***************Driver Initialization Completed************
2021-01-21 16:35:45 INFO  TC001_VerifyLoginwithInvalidCrediantials:47 - *****************Login to Automation Practice Account ******
2021-01-21 16:35:46 INFO  HomePage:83 - **********clicking [[ChromeDriver: chrome on ANY (641b33df7f1928667416e5b1dad52e7b)] -> xpath: .//*[@id='header']/div[2]/div/div/nav/div[1]/a] object*****
2021-01-21 16:35:48 INFO  SignInPage:124 - *****************************Create Account*****************************
2021-01-21 16:35:58 INFO  SignInPage:161 - *****************************Account Created Successfully*****************************
2021-01-21 16:36:02 INFO  HomePage:88 - **************************Login to Account************************** 
2021-01-21 16:36:04 INFO  HomePage:93 - **************************Successfully Login to Account************************** 
2021-01-21 16:36:04 INFO  Address:52 - ****************************Add New Shipping Addresss****************************
2021-01-21 16:36:33 INFO  Address:80 - ****************************Successfully Added New Shipping Addresss****************************
2021-01-21 16:36:40 INFO  Women:54 - **************** Goto Women SummerDress ****************
2021-01-21 16:46:08 INFO  Women:54 - **************** Goto Women SummerDress ****************
2021-01-21 16:50:56 INFO  TC001_VerifyLoginwithInvalidCrediantials:33 - ***************Driver Initialization Completed************
2021-01-21 16:50:56 INFO  TC001_VerifyLoginwithInvalidCrediantials:47 - *****************Login to Automation Practice Account ******
2021-01-21 16:50:57 INFO  HomePage:83 - **********clicking [[ChromeDriver: chrome on ANY (1909bbb3a7e7e8e31d29f1c61b1fc356)] -> xpath: .//*[@id='header']/div[2]/div/div/nav/div[1]/a] object*****
2021-01-21 16:51:01 INFO  SignInPage:124 - *****************************Create Account*****************************
2021-01-21 16:51:11 INFO  SignInPage:161 - *****************************Account Created Successfully*****************************
2021-01-21 16:51:14 INFO  HomePage:88 - **************************Login to Account************************** 
2021-01-21 16:51:16 INFO  HomePage:93 - **************************Successfully Login to Account************************** 
2021-01-21 16:51:16 INFO  Address:52 - ****************************Add New Shipping Addresss****************************
2021-01-21 16:51:34 INFO  Address:80 - ****************************Successfully Added New Shipping Addresss****************************
2021-01-21 17:01:50 INFO  Women:57 - **************** Goto Women SummerDress ****************
2021-01-21 17:02:14 INFO  Women:57 - **************** Goto Women SummerDress ****************
2021-01-21 17:05:38 INFO  Women:57 - **************** Goto Women SummerDress ****************
2021-01-21 17:06:24 INFO  Women:57 - **************** Goto Women SummerDress ****************
2021-01-21 17:09:01 INFO  Women:59 - **************** Goto Women SummerDress ****************
2021-01-21 17:10:34 INFO  TC001_VerifyLoginwithInvalidCrediantials:33 - ***************Driver Initialization Completed************
2021-01-21 17:10:34 INFO  TC001_VerifyLoginwithInvalidCrediantials:47 - *****************Login to Automation Practice Account ******
2021-01-21 17:10:35 INFO  HomePage:83 - **********clicking [[ChromeDriver: chrome on ANY (bafc76d0848269f4b94c18f086ec6082)] -> xpath: .//*[@id='header']/div[2]/div/div/nav/div[1]/a] object*****
2021-01-21 17:10:38 INFO  SignInPage:124 - *****************************Create Account*****************************
2021-01-21 17:10:47 INFO  SignInPage:161 - *****************************Account Created Successfully*****************************
2021-01-21 17:10:50 INFO  HomePage:88 - **************************Login to Account************************** 
2021-01-21 17:10:53 INFO  HomePage:93 - **************************Successfully Login to Account************************** 
2021-01-21 17:10:53 INFO  Address:52 - ****************************Add New Shipping Addresss****************************
2021-01-21 17:11:01 INFO  Address:80 - ****************************Successfully Added New Shipping Addresss****************************
2021-01-21 17:11:01 INFO  Women:59 - **************** Goto Women SummerDress ****************
2021-01-21 17:13:29 INFO  TC001_VerifyLoginwithInvalidCrediantials:33 - ***************Driver Initialization Completed************
2021-01-21 17:13:30 INFO  TC001_VerifyLoginwithInvalidCrediantials:47 - *****************Login to Automation Practice Account ******
2021-01-21 17:13:30 INFO  HomePage:83 - **********clicking [[ChromeDriver: chrome on ANY (bdbf77b0bcd4d0d9aae05b202cf28e5e)] -> xpath: .//*[@id='header']/div[2]/div/div/nav/div[1]/a] object*****
2021-01-21 17:13:32 INFO  SignInPage:124 - *****************************Create Account*****************************
2021-01-21 17:13:42 INFO  SignInPage:161 - *****************************Account Created Successfully*****************************
2021-01-21 17:13:45 INFO  HomePage:88 - **************************Login to Account************************** 
2021-01-21 17:13:48 INFO  HomePage:93 - **************************Successfully Login to Account************************** 
2021-01-21 17:13:48 INFO  Address:52 - ****************************Add New Shipping Addresss****************************
2021-01-21 17:13:56 INFO  Address:80 - ****************************Successfully Added New Shipping Addresss****************************
2021-01-21 17:13:56 INFO  Women:59 - **************** Goto Women SummerDress ****************
2021-01-21 17:14:12 INFO  Women:69 - **************** Chnage Grid View to List View ****************
2021-01-21 17:15:32 INFO  TC001_VerifyLoginwithInvalidCrediantials:74 - *****************Successfully Login to Application*****************
2021-01-21 17:15:34 INFO  TC001_VerifyLoginwithInvalidCrediantials:79 - *******closing browser******
2021-01-21 17:18:35 INFO  TC001_VerifyLoginwithInvalidCrediantials:33 - ***************Driver Initialization Completed************
2021-01-21 17:18:35 INFO  TC001_VerifyLoginwithInvalidCrediantials:47 - *****************Login to Automation Practice Account ******
2021-01-21 17:18:35 INFO  HomePage:83 - **********clicking [[ChromeDriver: chrome on ANY (b9eb3d31c2b7c74ccd6fc6d71bd125f4)] -> xpath: .//*[@id='header']/div[2]/div/div/nav/div[1]/a] object*****
2021-01-21 17:18:38 INFO  SignInPage:124 - *****************************Create Account*****************************
2021-01-21 17:18:48 INFO  SignInPage:161 - *****************************Account Created Successfully*****************************
2021-01-21 17:18:51 INFO  HomePage:88 - **************************Login to Account************************** 
2021-01-21 17:18:54 INFO  HomePage:93 - **************************Successfully Login to Account************************** 
2021-01-21 17:18:54 INFO  Address:52 - ****************************Add New Shipping Addresss****************************
2021-01-21 17:19:03 INFO  Address:80 - ****************************Successfully Added New Shipping Addresss****************************
2021-01-21 17:19:03 INFO  Women:59 - **************** Goto Women SummerDress ****************
2021-01-21 17:19:19 INFO  Women:69 - **************** Chnage Grid View to List View ****************
2021-01-21 17:21:14 INFO  TC001_VerifyLoginwithInvalidCrediantials:33 - ***************Driver Initialization Completed************
2021-01-21 17:21:14 INFO  TC001_VerifyLoginwithInvalidCrediantials:47 - *****************Login to Automation Practice Account ******
2021-01-21 17:21:14 INFO  HomePage:83 - **********clicking [[ChromeDriver: chrome on ANY (f7b741c110ecd7d85bad1ad0759a69a7)] -> xpath: .//*[@id='header']/div[2]/div/div/nav/div[1]/a] object*****
2021-01-21 17:21:16 INFO  SignInPage:124 - *****************************Create Account*****************************
2021-01-21 17:21:27 INFO  SignInPage:161 - *****************************Account Created Successfully*****************************
2021-01-21 17:21:30 INFO  HomePage:88 - **************************Login to Account************************** 
2021-01-21 17:21:33 INFO  HomePage:93 - **************************Successfully Login to Account************************** 
2021-01-21 17:21:33 INFO  Address:52 - ****************************Add New Shipping Addresss****************************
2021-01-21 17:21:48 INFO  Address:80 - ****************************Successfully Added New Shipping Addresss****************************
2021-01-21 17:21:56 INFO  Women:59 - **************** Goto Women SummerDress ****************
2021-01-21 17:22:14 INFO  Women:69 - **************** Chnage Grid View to List View ****************
2021-01-21 17:30:30 INFO  TC001_VerifyLoginwithInvalidCrediantials:33 - ***************Driver Initialization Completed************
2021-01-21 17:30:31 INFO  TC001_VerifyLoginwithInvalidCrediantials:47 - *****************Login to Automation Practice Account ******
2021-01-21 17:30:32 INFO  HomePage:83 - **********clicking [[ChromeDriver: chrome on ANY (b116ece947f2872fd0a05577b7ec1a14)] -> xpath: .//*[@id='header']/div[2]/div/div/nav/div[1]/a] object*****
2021-01-21 17:30:36 INFO  SignInPage:124 - *****************************Create Account*****************************
2021-01-21 17:30:44 INFO  SignInPage:161 - *****************************Account Created Successfully*****************************
2021-01-21 17:30:47 INFO  HomePage:88 - **************************Login to Account************************** 
2021-01-21 17:30:50 INFO  HomePage:93 - **************************Successfully Login to Account************************** 
2021-01-21 17:30:50 INFO  Address:52 - ****************************Add New Shipping Addresss****************************
2021-01-21 17:31:26 INFO  Address:80 - ****************************Successfully Added New Shipping Addresss****************************
2021-01-21 17:31:31 INFO  Women:59 - **************** Goto Women SummerDress ****************
2021-01-21 17:31:49 INFO  Women:69 - **************** Chnage Grid View to List View ****************
2021-01-21 17:51:09 INFO  TC001_VerifyLoginwithInvalidCrediantials:33 - ***************Driver Initialization Completed************
2021-01-21 17:51:09 INFO  TC001_VerifyLoginwithInvalidCrediantials:47 - *****************Login to Automation Practice Account ******
2021-01-21 17:51:10 INFO  HomePage:83 - **********clicking [[ChromeDriver: chrome on ANY (11da17bf6bdd5777268b20b1b3914eb9)] -> xpath: .//*[@id='header']/div[2]/div/div/nav/div[1]/a] object*****
2021-01-21 17:51:14 INFO  SignInPage:124 - *****************************Create Account*****************************
2021-01-21 17:51:25 INFO  SignInPage:161 - *****************************Account Created Successfully*****************************
2021-01-21 17:51:28 INFO  HomePage:88 - **************************Login to Account************************** 
2021-01-21 17:51:30 INFO  HomePage:93 - **************************Successfully Login to Account************************** 
2021-01-21 17:51:30 INFO  Address:52 - ****************************Add New Shipping Addresss****************************
2021-01-21 17:51:40 INFO  Address:80 - ****************************Successfully Added New Shipping Addresss****************************
2021-01-21 17:51:40 INFO  Women:61 - **************** Goto Women SummerDress ****************
2021-01-21 17:51:58 INFO  Women:71 - **************** Chnage Grid View to List View ****************
2021-01-21 17:52:57 INFO  Women:61 - **************** Goto Women SummerDress ****************
2021-01-21 17:53:14 INFO  Women:71 - **************** Chnage Grid View to List View ****************
2021-01-21 17:56:05 INFO  TC001_VerifyLoginwithInvalidCrediantials:33 - ***************Driver Initialization Completed************
2021-01-21 17:56:05 INFO  TC001_VerifyLoginwithInvalidCrediantials:47 - *****************Login to Automation Practice Account ******
2021-01-21 17:56:08 INFO  HomePage:83 - **********clicking [[ChromeDriver: chrome on ANY (a05b5f21d6866c1c2741f6b287532e4c)] -> xpath: .//*[@id='header']/div[2]/div/div/nav/div[1]/a] object*****
2021-01-21 17:56:11 INFO  SignInPage:124 - *****************************Create Account*****************************
2021-01-21 17:56:29 INFO  SignInPage:161 - *****************************Account Created Successfully*****************************
2021-01-21 17:56:32 INFO  HomePage:88 - **************************Login to Account************************** 
2021-01-21 17:56:35 INFO  HomePage:93 - **************************Successfully Login to Account************************** 
2021-01-21 17:56:35 INFO  Address:52 - ****************************Add New Shipping Addresss****************************
2021-01-21 17:56:44 INFO  Address:80 - ****************************Successfully Added New Shipping Addresss****************************
2021-01-21 17:56:44 INFO  Women:61 - **************** Goto Women SummerDress ****************
2021-01-21 17:57:02 INFO  Women:71 - **************** Chnage Grid View to List View ****************
2021-01-21 17:57:56 INFO  Women:61 - **************** Goto Women SummerDress ****************
2021-01-21 17:58:13 INFO  Women:71 - **************** Chnage Grid View to List View ****************
2021-01-21 18:07:28 INFO  TC001_VerifyLoginwithInvalidCrediantials:33 - ***************Driver Initialization Completed************
2021-01-21 18:07:29 INFO  TC001_VerifyLoginwithInvalidCrediantials:47 - *****************Login to Automation Practice Account ******
2021-01-21 18:07:29 INFO  HomePage:83 - **********clicking [[ChromeDriver: chrome on ANY (d42e317e4389e4c281ab04dccccee3cf)] -> xpath: .//*[@id='header']/div[2]/div/div/nav/div[1]/a] object*****
2021-01-21 18:07:32 INFO  SignInPage:124 - *****************************Create Account*****************************
2021-01-21 18:07:46 INFO  SignInPage:161 - *****************************Account Created Successfully*****************************
2021-01-21 18:07:48 INFO  HomePage:88 - **************************Login to Account************************** 
2021-01-21 18:07:51 INFO  HomePage:93 - **************************Successfully Login to Account************************** 
2021-01-21 18:07:51 INFO  Address:52 - ****************************Add New Shipping Addresss****************************
2021-01-21 18:07:59 INFO  Address:80 - ****************************Successfully Added New Shipping Addresss****************************
2021-01-21 18:07:59 INFO  Women:61 - **************** Goto Women SummerDress ****************
2021-01-21 18:08:17 INFO  Women:71 - **************** Chnage Grid View to List View ****************
2021-01-21 18:08:28 INFO  Women:61 - **************** Goto Women SummerDress ****************
2021-01-21 18:08:45 INFO  Women:71 - **************** Chnage Grid View to List View ****************
2021-01-21 18:08:54 INFO  Women:61 - **************** Goto Women SummerDress ****************
2021-01-21 18:09:10 INFO  Women:71 - **************** Chnage Grid View to List View ****************
2021-01-21 18:09:38 INFO  TC001_VerifyLoginwithInvalidCrediantials:79 - *****************Successfully Login to Application*****************
2021-01-21 18:09:40 INFO  TC001_VerifyLoginwithInvalidCrediantials:84 - *******closing browser******
2021-01-21 18:18:13 INFO  verifyEnetoEndFunctionality:33 - ***************Driver Initialization Completed************
2021-01-21 18:18:13 INFO  verifyEnetoEndFunctionality:47 - *****************Login to Automation Practice Account ******
2021-01-21 18:18:14 INFO  HomePage:83 - **********clicking [[ChromeDriver: chrome on ANY (24b38a135cc29df3d311fdaaa2d3fc5e)] -> xpath: .//*[@id='header']/div[2]/div/div/nav/div[1]/a] object*****
2021-01-21 18:18:17 INFO  SignInPage:124 - *****************************Create Account*****************************
2021-01-21 18:18:28 INFO  SignInPage:161 - *****************************Account Created Successfully*****************************
2021-01-21 18:18:31 INFO  HomePage:88 - **************************Login to Account************************** 
2021-01-21 18:18:33 INFO  HomePage:93 - **************************Successfully Login to Account************************** 
2021-01-21 18:18:33 INFO  Address:52 - ****************************Add New Shipping Addresss****************************
2021-01-21 18:18:42 INFO  Address:80 - ****************************Successfully Added New Shipping Addresss****************************
2021-01-21 18:18:42 INFO  Women:61 - **************** Goto Women SummerDress ****************
2021-01-21 18:19:00 INFO  Women:71 - **************** Chnage Grid View to List View ****************
2021-01-21 18:19:13 INFO  Women:61 - **************** Goto Women SummerDress ****************
2021-01-21 18:19:35 INFO  Women:71 - **************** Chnage Grid View to List View ****************
2021-01-21 18:19:46 INFO  Women:61 - **************** Goto Women SummerDress ****************
2021-01-21 18:20:02 INFO  Women:71 - **************** Chnage Grid View to List View ****************
2021-01-21 18:20:30 INFO  verifyEnetoEndFunctionality:76 - *****************Successfully Login to Application*****************
2021-01-21 18:20:32 INFO  verifyEnetoEndFunctionality:81 - *******closing browser******
2021-01-21 18:28:28 INFO  verifyEnetoEndFunctionality:33 - ***************Driver Initialization Completed************
2021-01-21 18:28:28 INFO  verifyEnetoEndFunctionality:47 - *****************Login to Automation Practice Account ******
2021-01-21 18:28:28 INFO  HomePage:83 - **********clicking [[ChromeDriver: chrome on ANY (14f0cb643e7b9d8fe67cf89bf3efee90)] -> xpath: .//*[@id='header']/div[2]/div/div/nav/div[1]/a] object*****
2021-01-21 18:28:31 INFO  SignInPage:124 - *****************************Create Account*****************************
2021-01-21 18:28:42 INFO  SignInPage:161 - *****************************Account Created Successfully*****************************
2021-01-21 18:28:45 INFO  HomePage:88 - **************************Login to Account************************** 
2021-01-21 18:28:48 INFO  HomePage:93 - **************************Successfully Login to Account************************** 
2021-01-21 18:28:48 INFO  Address:52 - ****************************Add New Shipping Addresss****************************
2021-01-21 18:28:56 INFO  Address:80 - ****************************Successfully Added New Shipping Addresss****************************
2021-01-21 18:28:56 INFO  Women:61 - **************** Goto Women SummerDress ****************
2021-01-21 18:29:11 INFO  Women:71 - **************** Chnage Grid View to List View ****************
2021-01-21 18:29:22 INFO  Women:61 - **************** Goto Women SummerDress ****************
2021-01-21 18:29:36 INFO  Women:71 - **************** Chnage Grid View to List View ****************
2021-01-21 18:29:47 INFO  Women:61 - **************** Goto Women SummerDress ****************
2021-01-21 18:30:05 INFO  Women:71 - **************** Chnage Grid View to List View ****************
2021-01-21 18:30:32 INFO  verifyEnetoEndFunctionality:76 - *****************Successfully Login to Application*****************
2021-01-21 18:30:34 INFO  verifyEnetoEndFunctionality:81 - *******closing browser******
2021-01-21 19:04:04 INFO  verifyEnetoEndFunctionality:35 - ***************Driver Initialization Completed************
2021-01-21 19:04:04 INFO  verifyEnetoEndFunctionality:49 - *****************Login to Automation Practice Account ******
2021-01-21 19:04:04 INFO  HomePage:71 - **********clicking [[ChromeDriver: chrome on ANY (c74694c2f073abab1a28d56832c3b303)] -> xpath: .//*[@id='header']/div[2]/div/div/nav/div[1]/a] object*****
2021-01-21 19:04:09 INFO  SignInPage:124 - *****************************Create Account*****************************
2021-01-21 19:04:22 INFO  SignInPage:161 - *****************************Account Created Successfully*****************************
2021-01-21 19:04:26 INFO  HomePage:76 - **************************Login to Account************************** 
2021-01-21 19:04:30 INFO  HomePage:81 - **************************Successfully Login to Account************************** 
2021-01-21 19:04:30 INFO  Address:52 - ****************************Add New Shipping Addresss****************************
2021-01-21 19:04:39 INFO  Address:80 - ****************************Successfully Added New Shipping Addresss****************************
2021-01-21 19:04:39 INFO  Women:61 - **************** Goto Women SummerDress ****************
2021-01-21 19:04:59 INFO  Women:71 - **************** Chnage Grid View to List View ****************
2021-01-21 19:05:11 INFO  Women:61 - **************** Goto Women SummerDress ****************
2021-01-21 19:05:30 INFO  Women:71 - **************** Chnage Grid View to List View ****************
2021-01-21 19:05:41 INFO  Women:61 - **************** Goto Women SummerDress ****************
2021-01-21 19:06:00 INFO  Women:71 - **************** Chnage Grid View to List View ****************
2021-01-21 19:11:11 INFO  verifyEnetoEndFunctionality:35 - ***************Driver Initialization Completed************
2021-01-21 19:11:11 INFO  verifyEnetoEndFunctionality:49 - *****************Login to Automation Practice Account ******
2021-01-21 19:11:12 INFO  HomePage:71 - **********clicking [[ChromeDriver: chrome on ANY (e20b8733c9a3a472c4290a49aedafd69)] -> xpath: .//*[@id='header']/div[2]/div/div/nav/div[1]/a] object*****
2021-01-21 19:11:15 INFO  SignInPage:124 - *****************************Create Account*****************************
2021-01-21 19:11:27 INFO  SignInPage:161 - *****************************Account Created Successfully*****************************
2021-01-21 19:11:31 INFO  HomePage:76 - **************************Login to Account************************** 
2021-01-21 19:11:34 INFO  HomePage:81 - **************************Successfully Login to Account************************** 
2021-01-21 19:11:34 INFO  Address:52 - ****************************Add New Shipping Addresss****************************
2021-01-21 19:11:49 INFO  Address:80 - ****************************Successfully Added New Shipping Addresss****************************
2021-01-21 19:11:49 INFO  Women:61 - **************** Goto Women SummerDress ****************
2021-01-21 19:12:07 INFO  Women:71 - **************** Chnage Grid View to List View ****************
2021-01-21 19:12:18 INFO  Women:61 - **************** Goto Women SummerDress ****************
2021-01-21 19:12:35 INFO  Women:71 - **************** Chnage Grid View to List View ****************
2021-01-21 19:12:47 INFO  Women:61 - **************** Goto Women SummerDress ****************
2021-01-21 19:13:04 INFO  Women:71 - **************** Chnage Grid View to List View ****************
2021-01-21 19:13:43 INFO  verifyEnetoEndFunctionality:86 - *******closing browser******
2021-01-21 19:15:04 INFO  verifyEnetoEndFunctionality:35 - ***************Driver Initialization Completed************
2021-01-21 19:15:04 INFO  verifyEnetoEndFunctionality:49 - *****************Login to Automation Practice Account ******
2021-01-21 19:15:04 INFO  HomePage:71 - **********clicking [[ChromeDriver: chrome on ANY (f4cb4367543d54768071fc18cd1dcf47)] -> xpath: .//*[@id='header']/div[2]/div/div/nav/div[1]/a] object*****
2021-01-21 19:15:06 INFO  SignInPage:124 - *****************************Create Account*****************************
2021-01-21 19:15:16 INFO  SignInPage:161 - *****************************Account Created Successfully*****************************
2021-01-21 19:15:30 INFO  HomePage:76 - **************************Login to Account************************** 
2021-01-21 19:15:33 INFO  HomePage:81 - **************************Successfully Login to Account************************** 
2021-01-21 19:15:33 INFO  Address:52 - ****************************Add New Shipping Addresss****************************
2021-01-21 19:15:43 INFO  Address:80 - ****************************Successfully Added New Shipping Addresss****************************
2021-01-21 19:15:43 INFO  Women:61 - **************** Goto Women SummerDress ****************
2021-01-21 19:16:05 INFO  Women:71 - **************** Chnage Grid View to List View ****************
2021-01-21 19:16:35 INFO  Women:61 - **************** Goto Women SummerDress ****************
2021-01-21 19:16:52 INFO  Women:71 - **************** Chnage Grid View to List View ****************
2021-01-21 19:17:12 INFO  Women:61 - **************** Goto Women SummerDress ****************
2021-01-21 19:17:28 INFO  Women:71 - **************** Chnage Grid View to List View ****************
2021-01-21 19:19:04 INFO  verifyEnetoEndFunctionality:86 - *******closing browser******
2021-01-21 19:20:59 INFO  verifyEnetoEndFunctionality:35 - ***************Driver Initialization Completed************
2021-01-21 19:20:59 INFO  verifyEnetoEndFunctionality:49 - *****************Login to Automation Practice Account ******
2021-01-21 19:21:00 INFO  HomePage:71 - **********clicking [[ChromeDriver: chrome on ANY (0dafdbc5e30a697d78510062c457a688)] -> xpath: .//*[@id='header']/div[2]/div/div/nav/div[1]/a] object*****
2021-01-21 19:21:06 INFO  SignInPage:124 - *****************************Create Account*****************************
2021-01-21 19:21:17 INFO  SignInPage:161 - *****************************Account Created Successfully*****************************
2021-01-21 19:21:48 INFO  HomePage:76 - **************************Login to Account************************** 
2021-01-21 19:21:51 INFO  HomePage:81 - **************************Successfully Login to Account************************** 
2021-01-21 19:21:51 INFO  Address:52 - ****************************Add New Shipping Addresss****************************
2021-01-21 19:22:00 INFO  Address:80 - ****************************Successfully Added New Shipping Addresss****************************
2021-01-21 19:22:00 INFO  Women:61 - **************** Goto Women SummerDress ****************
2021-01-21 19:22:18 INFO  Women:71 - **************** Chnage Grid View to List View ****************
2021-01-21 19:22:31 INFO  Women:61 - **************** Goto Women SummerDress ****************
2021-01-21 19:22:48 INFO  Women:71 - **************** Chnage Grid View to List View ****************
2021-01-21 19:22:58 INFO  Women:61 - **************** Goto Women SummerDress ****************
2021-01-21 19:23:19 INFO  Women:71 - **************** Chnage Grid View to List View ****************
2021-01-21 19:25:56 INFO  verifyEnetoEndFunctionality:35 - ***************Driver Initialization Completed************
2021-01-21 19:25:56 INFO  verifyEnetoEndFunctionality:50 - *****************Login to Automation Practice Account ******
2021-01-21 19:25:56 INFO  HomePage:71 - **********clicking [[ChromeDriver: chrome on ANY (6c7bf86abf62a2494c45707bf7906877)] -> xpath: .//*[@id='header']/div[2]/div/div/nav/div[1]/a] object*****
2021-01-21 19:26:00 INFO  SignInPage:124 - *****************************Create Account*****************************
2021-01-21 19:26:11 INFO  SignInPage:161 - *****************************Account Created Successfully*****************************
2021-01-21 19:26:15 INFO  HomePage:76 - **************************Login to Account************************** 
2021-01-21 19:26:18 INFO  HomePage:81 - **************************Successfully Login to Account************************** 
2021-01-21 19:26:18 INFO  Address:52 - ****************************Add New Shipping Addresss****************************
2021-01-21 19:26:26 INFO  Address:80 - ****************************Successfully Added New Shipping Addresss****************************
2021-01-21 19:26:26 INFO  Women:61 - **************** Goto Women SummerDress ****************
2021-01-21 19:26:43 INFO  Women:71 - **************** Chnage Grid View to List View ****************
2021-01-21 19:26:55 INFO  Women:61 - **************** Goto Women SummerDress ****************
2021-01-21 19:27:12 INFO  Women:71 - **************** Chnage Grid View to List View ****************
2021-01-21 19:27:22 INFO  Women:61 - **************** Goto Women SummerDress ****************
2021-01-21 19:27:38 INFO  Women:71 - **************** Chnage Grid View to List View ****************
2021-01-21 19:28:19 INFO  verifyEnetoEndFunctionality:80 - *****************Successfully Login to Application*****************
2021-01-21 19:28:21 INFO  verifyEnetoEndFunctionality:87 - *******closing browser******
2021-01-21 19:30:07 INFO  verifyEnetoEndFunctionality:35 - ***************Driver Initialization Completed************
2021-01-21 19:30:07 INFO  verifyEnetoEndFunctionality:50 - *****************Login to Automation Practice Account ******
2021-01-21 19:30:07 INFO  HomePage:71 - **********clicking [[ChromeDriver: chrome on ANY (8782bb1e3f791ebbd0083a6a84ba9d72)] -> xpath: .//*[@id='header']/div[2]/div/div/nav/div[1]/a] object*****
2021-01-21 19:30:09 INFO  SignInPage:124 - *****************************Create Account*****************************
2021-01-21 19:30:20 INFO  SignInPage:161 - *****************************Account Created Successfully*****************************
2021-01-21 19:30:24 INFO  HomePage:76 - **************************Login to Account************************** 
2021-01-21 19:30:27 INFO  HomePage:81 - **************************Successfully Login to Account************************** 
2021-01-21 19:30:27 INFO  Address:52 - ****************************Add New Shipping Addresss****************************
2021-01-21 19:30:35 INFO  Address:80 - ****************************Successfully Added New Shipping Addresss****************************
2021-01-21 19:30:35 INFO  Women:61 - **************** Goto Women SummerDress ****************
2021-01-21 19:30:53 INFO  Women:71 - **************** Chnage Grid View to List View ****************
2021-01-21 19:31:04 INFO  Women:61 - **************** Goto Women SummerDress ****************
2021-01-21 19:31:21 INFO  Women:71 - **************** Chnage Grid View to List View ****************
2021-01-21 19:31:32 INFO  Women:61 - **************** Goto Women SummerDress ****************
2021-01-21 19:31:47 INFO  Women:71 - **************** Chnage Grid View to List View ****************
2021-01-21 19:32:25 INFO  verifyEnetoEndFunctionality:84 - *******closing browser******
2021-02-04 23:06:04 INFO  verifyEnetoEndFunctionality:36 - ***************Driver Initialization Completed************
2021-02-04 23:06:05 INFO  verifyEnetoEndFunctionality:52 - *****************Login to Automation Practice Account ******
2021-02-04 23:06:05 INFO  HomePage:71 - **********clicking [[ChromeDriver: chrome on ANY (ab6f530b9af688795573989261504983)] -> xpath: .//*[@id='header']/div[2]/div/div/nav/div[1]/a] object*****
2021-02-04 23:06:07 INFO  SignInPage:124 - *****************************Create Account*****************************
2021-02-04 23:06:18 INFO  SignInPage:161 - *****************************Account Created Successfully*****************************
2021-02-04 23:06:24 INFO  HomePage:76 - **************************Login to Account************************** 
2021-02-04 23:06:27 INFO  HomePage:81 - **************************Successfully Login to Account************************** 
2021-02-04 23:06:27 INFO  Address:52 - ****************************Add New Shipping Addresss****************************
2021-02-04 23:06:36 INFO  Address:80 - ****************************Successfully Added New Shipping Addresss****************************
2021-02-04 23:06:36 INFO  Women:60 - **************** Goto Women SummerDress ****************
2021-02-04 23:06:53 INFO  Women:71 - **************** Chnage Grid View to List View ****************
2021-02-04 23:07:04 INFO  Women:60 - **************** Goto Women SummerDress ****************
2021-02-04 23:07:21 INFO  Women:71 - **************** Chnage Grid View to List View ****************
2021-02-04 23:07:30 INFO  Women:60 - **************** Goto Women SummerDress ****************
2021-02-04 23:07:47 INFO  Women:71 - **************** Chnage Grid View to List View ****************
2021-02-04 23:08:20 INFO  verifyEnetoEndFunctionality:86 - *******closing browser******
